<?xml version="1.0" encoding="UTF-8"?>
<!-- Generated by org.testng.reporters.JUnitReportReporter -->
<testsuite skipped="0" hostname="DESKTOP-1T2AMDB" name="TestCases.SwitchWindow" tests="1" failures="0" timestamp="2021-01-05T17:11:41 IST" time="7.532" errors="0">
  <testcase name="switchtonewWindow" time="7.532" classname="TestCases.SwitchWindow"/>
</testsuite> <!-- TestCases.SwitchWindow -->
