<?xml version="1.0" encoding="UTF-8"?>
<!-- Generated by org.testng.reporters.JUnitReportReporter -->
<testsuite skipped="0" hostname="DESKTOP-1T2AMDB" name="com.dws.tests.Home_LoginVerifyWelcomeMessage" tests="1" failures="0" timestamp="2021-03-16T22:39:10 IST" time="3.295" errors="0">
  <testcase name="verifyCartButtonWithoutProduct" time="3.295" classname="com.dws.tests.Home_LoginVerifyWelcomeMessage"/>
</testsuite> <!-- com.dws.tests.Home_LoginVerifyWelcomeMessage -->
