<?xml version="1.0" encoding="UTF-8"?>
<!-- Generated by org.testng.reporters.JUnitReportReporter -->
<testsuite skipped="0" hostname="DESKTOP-1T2AMDB" name="TestCases.Home_LoginVerifyWelcomeMessage" tests="1" failures="0" timestamp="2021-03-15T21:42:35 IST" time="3.233" errors="0">
  <testcase name="verifyCartButtonWithoutProduct" time="3.233" classname="TestCases.Home_LoginVerifyWelcomeMessage"/>
</testsuite> <!-- TestCases.Home_LoginVerifyWelcomeMessage -->
