<?xml version="1.0" encoding="UTF-8"?>
<!-- Generated by org.testng.reporters.JUnitReportReporter -->
<testsuite skipped="0" hostname="DESKTOP-1T2AMDB" name="com.dws.tests.ProductsPage_ClearCart" tests="1" failures="0" timestamp="2021-03-16T22:39:10 IST" time="13.681" errors="0">
  <testcase name="ProductPage" time="13.681" classname="com.dws.tests.ProductsPage_ClearCart"/>
</testsuite> <!-- com.dws.tests.ProductsPage_ClearCart -->
