<?xml version="1.0" encoding="UTF-8"?>
<!-- Generated by org.testng.reporters.JUnitReportReporter -->
<testsuite skipped="0" hostname="DESKTOP-1T2AMDB" name="TestCases.MouseHover" tests="1" failures="0" timestamp="2021-01-05T17:56:51 IST" time="11.373" errors="0">
  <testcase name="mouseHoverOperations" time="11.373" classname="TestCases.MouseHover"/>
</testsuite> <!-- TestCases.MouseHover -->
