<?xml version="1.0" encoding="UTF-8"?>
<!-- Generated by org.testng.reporters.JUnitReportReporter -->
<testsuite skipped="0" hostname="DESKTOP-1T2AMDB" name="TestCases.Women_ContactUs_LinkVerification_002" tests="1" failures="0" timestamp="2021-01-06T19:24:25 IST" time="7.879" errors="0">
  <testcase name="verifyContactUseLink" time="7.879" classname="TestCases.Women_ContactUs_LinkVerification_002"/>
</testsuite> <!-- TestCases.Women_ContactUs_LinkVerification_002 -->
