<?xml version="1.0" encoding="UTF-8"?>
<!-- Generated by org.testng.reporters.JUnitReportReporter -->
<testsuite skipped="0" hostname="DESKTOP-1T2AMDB" name="TestCases.ProductsPage_ClearCart" tests="1" failures="0" timestamp="2021-03-16T16:32:47 IST" time="15.485" errors="0">
  <testcase name="ProductPage" time="15.485" classname="TestCases.ProductsPage_ClearCart"/>
</testsuite> <!-- TestCases.ProductsPage_ClearCart -->
