<?xml version="1.0" encoding="UTF-8"?>
<!-- Generated by org.testng.reporters.JUnitReportReporter -->
<testsuite skipped="0" hostname="DESKTOP-1T2AMDB" name="TestCases.RadioButtonSelection" tests="1" failures="0" timestamp="2021-01-05T15:20:55 IST" time="6.709" errors="0">
  <testcase name="selectRadio" time="6.709" classname="TestCases.RadioButtonSelection"/>
</testsuite> <!-- TestCases.RadioButtonSelection -->
