<?xml version="1.0" encoding="UTF-8"?>
<!-- Generated by org.testng.reporters.JUnitReportReporter -->
<testsuite skipped="0" hostname="DESKTOP-1T2AMDB" name="com.dws.tests.LoginPage_Login_VerifyUserId" tests="1" failures="0" timestamp="2021-03-16T22:39:10 IST" time="2.951" errors="0">
  <testcase name="LoginandVerifyUserId" time="2.951" classname="com.dws.tests.LoginPage_Login_VerifyUserId"/>
</testsuite> <!-- com.dws.tests.LoginPage_Login_VerifyUserId -->
