<?xml version="1.0" encoding="UTF-8"?>
<!-- Generated by org.testng.reporters.JUnitReportReporter -->
<testsuite skipped="0" hostname="DESKTOP-1T2AMDB" name="com.dws.tests.ProductsPage_AddBooks" tests="1" failures="0" timestamp="2021-03-16T22:39:10 IST" time="6.823" errors="0">
  <testcase name="addProducttoCart" time="6.823" classname="com.dws.tests.ProductsPage_AddBooks"/>
</testsuite> <!-- com.dws.tests.ProductsPage_AddBooks -->
