<?xml version="1.0" encoding="UTF-8"?>
<!-- Generated by org.testng.reporters.JUnitReportReporter -->
<testsuite skipped="0" hostname="DESKTOP-1T2AMDB" name="TestCases.Dress_VerifyPageTitle_001" tests="1" failures="0" timestamp="2021-01-17T21:35:40 IST" time="19.972" errors="0">
  <testcase name="verifyDressPage" time="19.972" classname="TestCases.Dress_VerifyPageTitle_001"/>
</testsuite> <!-- TestCases.Dress_VerifyPageTitle_001 -->
