<?xml version="1.0" encoding="UTF-8"?>
<!-- Generated by org.testng.reporters.JUnitReportReporter -->
<testsuite skipped="2" hostname="DESKTOP-1T2AMDB" name="TestCases.Home_Sign_Registration_004" tests="3" failures="0" timestamp="2021-01-17T21:35:40 IST" time="85.126" errors="0">
  <testcase name="completeRegistraion" time="30.771" classname="TestCases.Home_Sign_Registration_004"/>
  <testcase name="completeRegistraion" time="15.739" classname="TestCases.Home_Sign_Registration_004">
    <skipped/>
  </testcase> <!-- completeRegistraion -->
  <testcase name="completeRegistraion" time="38.616" classname="TestCases.Home_Sign_Registration_004">
    <skipped/>
  </testcase> <!-- completeRegistraion -->
</testsuite> <!-- TestCases.Home_Sign_Registration_004 -->
