<?xml version="1.0" encoding="UTF-8"?>
<!-- Generated by org.testng.reporters.JUnitReportReporter -->
<testsuite skipped="0" hostname="DESKTOP-1T2AMDB" name="TestCases.ProductsPage_AddBooks" tests="1" failures="0" timestamp="2021-03-16T20:46:12 IST" time="7.154" errors="0">
  <testcase name="addProducttoCart" time="7.154" classname="TestCases.ProductsPage_AddBooks"/>
</testsuite> <!-- TestCases.ProductsPage_AddBooks -->
