<?xml version="1.0" encoding="UTF-8"?>
<!-- Generated by org.testng.reporters.JUnitReportReporter -->
<testsuite skipped="0" hostname="DESKTOP-1T2AMDB" name="TestCases.ProductsPage_CheckOut" tests="1" failures="0" timestamp="2021-03-16T21:12:44 IST" time="13.600" errors="0">
  <testcase name="Checkout" time="13.600" classname="TestCases.ProductsPage_CheckOut"/>
</testsuite> <!-- TestCases.ProductsPage_CheckOut -->
