<?xml version="1.0" encoding="UTF-8"?>
<!-- Generated by org.testng.reporters.JUnitReportReporter -->
<testsuite skipped="0" hostname="DESKTOP-1T2AMDB" name="TestCases.RadioButton" tests="1" failures="0" timestamp="2020-12-21T22:56:38 IST" time="5.529" errors="0">
  <testcase name="selectRadio" time="5.529" classname="TestCases.RadioButton"/>
</testsuite> <!-- TestCases.RadioButton -->
