<?xml version="1.0" encoding="UTF-8"?>
<!-- Generated by org.testng.reporters.JUnitReportReporter -->
<testsuite skipped="0" hostname="DESKTOP-1T2AMDB" name="TestCases.CheckboxSelection" tests="1" failures="0" timestamp="2021-01-05T15:20:56 IST" time="5.462" errors="0">
  <testcase name="selectCheckbox" time="5.462" classname="TestCases.CheckboxSelection"/>
</testsuite> <!-- TestCases.CheckboxSelection -->
