<?xml version="1.0" encoding="UTF-8"?>
<!-- Generated by org.testng.reporters.JUnitReportReporter -->
<testsuite skipped="0" hostname="DESKTOP-1T2AMDB" name="TestCases.SwitchTabs" tests="1" failures="0" timestamp="2021-01-05T16:58:01 IST" time="14.409" errors="0">
  <testcase name="tabSwitch" time="14.409" classname="TestCases.SwitchTabs"/>
</testsuite> <!-- TestCases.SwitchTabs -->
