<?xml version="1.0" encoding="UTF-8"?>
<!-- Generated by org.testng.reporters.JUnitReportReporter -->
<testsuite skipped="0" hostname="DESKTOP-1T2AMDB" name="TestCases.DropDownSelection" tests="1" failures="0" timestamp="2021-01-05T15:20:55 IST" time="4.899" errors="0">
  <testcase name="selectDropDown" time="4.899" classname="TestCases.DropDownSelection"/>
</testsuite> <!-- TestCases.DropDownSelection -->
