<?xml version="1.0" encoding="UTF-8"?>
<!-- Generated by org.testng.reporters.JUnitReportReporter -->
<testsuite skipped="0" hostname="DESKTOP-1T2AMDB" name="TestCases.Home_Footer_MyAccountLinks_Verification_006" tests="1" failures="0" timestamp="2021-01-15T12:19:42 IST" time="60.413" errors="0">
  <testcase name="verifyMyAccountFooterLinks" time="60.413" classname="TestCases.Home_Footer_MyAccountLinks_Verification_006"/>
</testsuite> <!-- TestCases.Home_Footer_MyAccountLinks_Verification_006 -->
