<?xml version="1.0" encoding="UTF-8"?>
<!-- Generated by org.testng.reporters.JUnitReportReporter -->
<testsuite skipped="0" hostname="DESKTOP-1T2AMDB" name="TestCases.Home_Contactus_HomeButtonVerification_002" tests="1" failures="0" timestamp="2021-01-15T12:19:42 IST" time="9.495" errors="0">
  <testcase name="homeButtonVerification" time="9.495" classname="TestCases.Home_Contactus_HomeButtonVerification_002"/>
</testsuite> <!-- TestCases.Home_Contactus_HomeButtonVerification_002 -->
