<?xml version="1.0" encoding="UTF-8"?>
<!-- Generated by org.testng.reporters.JUnitReportReporter -->
<testsuite skipped="0" hostname="DESKTOP-1T2AMDB" name="TestCases.Home_AddToCart_CheckProduct_003" tests="1" failures="0" timestamp="2021-01-17T21:35:40 IST" time="7.909" errors="0">
  <testcase name="ProductSelection" time="7.909" classname="TestCases.Home_AddToCart_CheckProduct_003"/>
</testsuite> <!-- TestCases.Home_AddToCart_CheckProduct_003 -->
