<?xml version="1.0" encoding="UTF-8"?>
<!-- Generated by org.testng.reporters.JUnitReportReporter -->
<testsuite skipped="0" hostname="DESKTOP-1T2AMDB" name="TestCases.LoginPage_Login_VerifyUserId" tests="1" failures="0" timestamp="2021-03-16T16:43:04 IST" time="3.028" errors="0">
  <testcase name="LoginandVerifyUserId" time="3.028" classname="TestCases.LoginPage_Login_VerifyUserId"/>
</testsuite> <!-- TestCases.LoginPage_Login_VerifyUserId -->
