<?xml version="1.0" encoding="UTF-8"?>
<!-- Generated by org.testng.reporters.JUnitReportReporter -->
<testsuite skipped="0" hostname="DESKTOP-1T2AMDB" name="TestCases.Women_VerifyWomensPage_001" tests="2" failures="0" timestamp="2021-01-15T22:10:56 IST" time="18.452" errors="0">
  <testcase name="VerifyWomenPageSection" time="10.267" classname="TestCases.Women_VerifyWomensPage_001"/>
  <testcase name="verifySortByDropDowm" time="8.185" classname="TestCases.Women_VerifyWomensPage_001"/>
</testsuite> <!-- TestCases.Women_VerifyWomensPage_001 -->
